<?xml version="1.0" encoding="UTF-8"?>
<testng-results ignored="0" total="1" passed="1" failed="0" skipped="0">
  <reporter-output>
  </reporter-output>
  <suite started-at="2024-09-05T12:49:59 IST" name="Default suite" finished-at="2024-09-05T12:50:32 IST" duration-ms="32551">
    <groups>
    </groups>
    <test started-at="2024-09-05T12:49:59 IST" name="Default test" finished-at="2024-09-05T12:50:32 IST" duration-ms="32551">
      <class name="task3.Demoqa_Task">
        <test-method signature="test()[pri:0, instance:task3.Demoqa_Task@738dc9b]" started-at="2024-09-05T12:49:59 IST" name="test" finished-at="2024-09-05T12:50:32 IST" duration-ms="32506" status="PASS">
          <reporter-output>
          </reporter-output>
        </test-method> <!-- test -->
      </class> <!-- task3.Demoqa_Task -->
    </test> <!-- Default test -->
  </suite> <!-- Default suite -->
</testng-results>
